[GIN] 2026/01/15 - 14:23:32 | 200 | 1.166916ms | ::1             | GET      /habits
[GIN] 2026/01/15 - 14:23:32 | 200 | 30.58µs | ::1             | GET      /habits
[GIN] 2026/01/15 - 14:23:32 | 200 | 30.41µs | ::1             | GET      /habits
[GIN] 2026/01/15 - 14:23:32 | 200 | 35.16µs | ::1             | GET      /habits
[GIN] 2026/01/15 - 14:23:33 | 200 | 26.12µs | ::1             | GET      /habits
[GIN] 2026/01/15 - 14:23:33 | 200 | 76.37µs | ::1             | GET      /habits
[GIN] 2026/01/15 - 14:23:45 | 404 | 1.83µs | ::1             | GET      /habitsы
[GIN] 2026/01/15 - 14:40:29 | 404 | 1.75µs | ::1             | GET      /habitsы
[GIN] 2026/01/15 - 14:40:32 | 200 | 1.759374ms | ::1             | GET      /habits
[GIN] 2026/01/15 - 14:40:48 | 200 | 34.058124ms | ::1             | GET      /logs
[GIN] 2026/01/15 - 14:43:19 | 404 | 1.41µs | ::1             | POST      //logs/sync
[GIN] 2026/01/15 - 14:43:36 | 200 | 2.617667ms | ::1             | POST      /logs/sync
[GIN] 2026/01/15 - 14:43:45 | 200 | 8.886749ms | ::1             | GET      /logs
[GIN] 2026/01/15 - 14:43:48 | 200 | 2.786125ms | ::1             | GET      /logs
[GIN] 2026/01/15 - 14:44:26 | 200 | 22.695834ms | ::1             | GET      /logs
[GIN] 2026/01/15 - 14:45:52 | 200 | 10.665708ms | ::1             | GET      /logs
[GIN] 2026/01/15 - 14:45:53 | 200 | 2.771000ms | ::1             | GET      /logs
[GIN] 2026/01/15 - 14:48:06 | 200 | 22.843707ms | ::1             | GET      /logs
[GIN] 2026/01/15 - 14:48:59 | 200 | 20.900083ms | ::1             | GET      /logs
[GIN] 2026/01/15 - 14:49:00 | 200 | 2.802792ms | ::1             | GET      /logs
[GIN] 2026/01/15 - 14:49:00 | 200 | 1.946000ms | ::1             | GET      /logs
[GIN] 2026/01/15 - 14:49:18 | 200 | 709.12µs | ::1             | POST      /logs/sync
[GIN] 2026/01/15 - 14:50:22 | 200 | 18.092083ms | ::1             | GET      /logs
[GIN] 2026/01/15 - 14:50:23 | 200 | 2.885500ms | ::1             | GET      /logs
[GIN] 2026/01/15 - 14:50:38 | 200 | 3.831417ms | ::1             | POST      /logs/sync
[GIN] 2026/01/15 - 14:51:29 | 200 | 611.83µs | ::1             | POST      /logs/sync
[GIN] 2026/01/15 - 14:51:44 | 200 | 276.79µs | ::1             | POST      /logs/sync
[GIN] 2026/01/15 - 14:52:18 | 200 | 24.211292ms | ::1             | GET      /logs
[GIN] 2026/01/15 - 14:52:21 | 200 | 1.012791ms | ::1             | POST      /logs/sync
[GIN] 2026/01/15 - 14:52:45 | 200 | 1.165416ms | ::1             | POST      /logs/sync
[GIN] 2026/01/15 - 14:54:21 | 200 | 57.790041ms | ::1             | POST      /logs/sync
[GIN] 2026/01/15 - 14:54:33 | 200 | 24.338457ms | ::1             | GET      /logs
[GIN] 2026/01/15 - 15:13:56 | 200 | 41.806541ms | ::1             | GET      /logs
[GIN] 2026/01/15 - 15:14:01 | 200 | 46.944749ms | ::1             | POST      /logs/sync
[GIN] 2026/01/15 - 15:14:10 | 200 | 17.354541ms | ::1             | GET      /logs
[GIN] 2026/01/15 - 15:15:51 | 200 | 32.578833ms | ::1             | GET      /logs
[GIN] 2026/01/15 - 15:15:52 | 200 | 3.997332ms | ::1             | GET      /logs
